<?xml version="1.0" encoding="UTF-8"?>
<!-- Generated by org.testng.reporters.JUnitReportReporter -->
<testsuite skipped="0" hostname="JLT01383L2" name="TC001_GET_Request" tests="1" failures="0" timestamp="16 May 2020 08:43:15 GMT" time="3.390" errors="0">
  <testcase name="getWeatherDetails" time="3.390" classname="TC001_GET_Request"/>
</testsuite> <!-- TC001_GET_Request -->
