<?xml version="1.0" encoding="UTF-8"?>
<!-- Generated by org.testng.reporters.JUnitReportReporter -->
<testsuite skipped="0" hostname="JLT01383L2" name="TC005_GET_ValidatingJSONResponseBody" tests="1" failures="0" timestamp="25 Jun 2019 19:07:23 GMT" time="2.836" errors="0">
  <testcase name="GetWeatherDetails" time="2.836" classname="TC005_GET_ValidatingJSONResponseBody"/>
</testsuite> <!-- TC005_GET_ValidatingJSONResponseBody -->
