<?xml version="1.0" encoding="UTF-8"?>
<!-- Generated by org.testng.reporters.JUnitReportReporter -->
<testsuite skipped="0" hostname="JLT01383L2" name="TC006_GET_ExtractValuesOfEachNodeInJSON" tests="1" failures="0" timestamp="25 Jun 2019 19:16:30 GMT" time="3.563" errors="0">
  <testcase name="GetWeatherDetails" time="3.563" classname="TC006_GET_ExtractValuesOfEachNodeInJSON"/>
</testsuite> <!-- TC006_GET_ExtractValuesOfEachNodeInJSON -->
