<?xml version="1.0" encoding="UTF-8"?>
<!-- Generated by org.testng.reporters.JUnitReportReporter -->
<testsuite skipped="0" hostname="JLT01383L2" name="TC004_GET_Request_PrintAllHeaders" tests="1" failures="0" timestamp="27 Nov 2019 12:01:14 GMT" time="3.477" errors="0">
  <testcase name="GetWeatherDetails" time="3.477" classname="TC004_GET_Request_PrintAllHeaders"/>
</testsuite> <!-- TC004_GET_Request_PrintAllHeaders -->
