<?xml version="1.0" encoding="UTF-8"?>
<!-- Generated by org.testng.reporters.JUnitReportReporter -->
<testsuite skipped="0" hostname="JLT01383L2" name="data.driven.pkg.DataDrivenTest_AddNewEmployees" tests="2" failures="0" timestamp="30 Jun 2019 16:34:41 GMT" time="3.366" errors="0">
  <testcase name="postNewEmployees" time="0.601" classname="data.driven.pkg.DataDrivenTest_AddNewEmployees"/>
  <testcase name="postNewEmployees" time="2.765" classname="data.driven.pkg.DataDrivenTest_AddNewEmployees"/>
</testsuite> <!-- data.driven.pkg.DataDrivenTest_AddNewEmployees -->
