<?xml version="1.0" encoding="UTF-8"?>
<!-- Generated by org.testng.reporters.JUnitReportReporter -->
<testsuite skipped="0" hostname="JLT01383L2" name="TC007_GETRequest_Authorization" tests="1" failures="0" timestamp="26 Jun 2019 17:50:46 GMT" time="3.619" errors="0">
  <testcase name="getWeatherDetails" time="3.619" classname="TC007_GETRequest_Authorization"/>
</testsuite> <!-- TC007_GETRequest_Authorization -->
